#
# There is insufficient memory for the Java Runtime Environment to continue.
# Native memory allocation (mmap) failed to map 54525952 bytes for Failed to commit area from 0x0000000711c00000 to 0x0000000715000000 of length 54525952.
# Possible reasons:
#   The system is out of physical RAM or swap space
#   The process is running with CompressedOops enabled, and the Java Heap may be blocking the growth of the native heap
# Possible solutions:
#   Reduce memory load on the system
#   Increase physical memory or swap space
#   Check if swap backing store is full
#   Decrease Java heap size (-Xmx/-Xms)
#   Decrease number of Java threads
#   Decrease Java thread stack sizes (-Xss)
#   Set larger code cache with -XX:ReservedCodeCacheSize=
#   JVM is running with Zero Based Compressed Oops mode in which the Java heap is
#     placed in the first 32GB address space. The Java Heap base address is the
#     maximum limit for the native heap growth. Please use -XX:HeapBaseMinAddress
#     to set the Java Heap base and to place the Java Heap above 32GB virtual address.
# This output file may be truncated or incomplete.
#
#  Out of Memory Error (./src/hotspot/os/windows/os_windows.cpp:3301), pid=12976, tid=7012
#
# JRE version: OpenJDK Runtime Environment (11.0.10) (build 11.0.10+0-b96-7249189)
# Java VM: OpenJDK 64-Bit Server VM (11.0.10+0-b96-7249189, mixed mode, tiered, compressed oops, g1 gc, windows-amd64)
# No core dump will be written. Minidumps are not enabled by default on client versions of Windows
#

---------------  S U M M A R Y ------------

Command Line: org.jetbrains.kotlin.cli.jvm.K2JVMCompiler @D:\Projects\Software Dev\Apply\BTPN\contactCrudApptest\node_modules\react-native-screens\android\build\20210906_13375921535169246442.compiler.options

Host: Intel(R) Core(TM) i7-7700HQ CPU @ 2.80GHz, 8 cores, 15G,  Windows 10 , 64 bit Build 19041 (10.0.19041.1151)
Time: Mon Sep  6 12:05:48 2021 SE Asia Standard Time elapsed time: 4.855071 seconds (0d 0h 0m 4s)

---------------  T H R E A D  ---------------

Current thread (0x000001cd7d077000):  VMThread "VM Thread" [stack: 0x0000005847100000,0x0000005847200000] [id=7012]

Stack: [0x0000005847100000,0x0000005847200000]
[error occurred during error reporting (printing stack bounds), id 0xc0000005, EXCEPTION_ACCESS_VIOLATION (0xc0000005) at pc=0x000001cd61210f2d]

Native frames: (J=compiled Java code, j=interpreted, Vv=VM code, C=native code)
V  [jvm.dll+0x5ecfaa]
V  [jvm.dll+0x722bd5]
V  [jvm.dll+0x72412d]
V  [jvm.dll+0x724745]
V  [jvm.dll+0x7246fb]
V  [jvm.dll+0x5ec348]
V  [jvm.dll+0x5ecad8]
C  [ntdll.dll+0xa217f]
C  [ntdll.dll+0x51454]
C  [ntdll.dll+0xa0cae]
C  0x000001cd61210f2d

VM_Operation (0x0000005846bfb960): G1CollectForAllocation, mode: safepoint, requested by thread 0x000001cd5d726800


---------------  P R O C E S S  ---------------

Threads class SMR info:
_java_thread_list=0x000001cd7d1fe1d0, length=12, elements={
0x000001cd5d726800, 0x000001cd7d09d000, 0x000001cd7d0a6800, 0x000001cd7d0c1000,
0x000001cd7d0c3000, 0x000001cd7d0c4000, 0x000001cd7d0c8000, 0x000001cd7d10c000,
0x000001cd7d10e800, 0x000001cd7d2a0000, 0x000001cd7d29a000, 0x000001cd7d2c8000
}

Java Threads: ( => current thread )
  0x000001cd5d726800 JavaThread "main" [_thread_blocked, id=22408, stack(0x0000005846b00000,0x0000005846c00000)]
  0x000001cd7d09d000 JavaThread "Reference Handler" daemon [_thread_blocked, id=8944, stack(0x0000005847200000,0x0000005847300000)]
  0x000001cd7d0a6800 JavaThread "Finalizer" daemon [_thread_blocked, id=19672, stack(0x0000005847300000,0x0000005847400000)]
  0x000001cd7d0c1000 JavaThread "Signal Dispatcher" daemon [_thread_blocked, id=9416, stack(0x0000005847400000,0x0000005847500000)]
  0x000001cd7d0c3000 JavaThread "Attach Listener" daemon [_thread_blocked, id=14924, stack(0x0000005847500000,0x0000005847600000)]
  0x000001cd7d0c4000 JavaThread "Service Thread" daemon [_thread_blocked, id=6764, stack(0x0000005847600000,0x0000005847700000)]
  0x000001cd7d0c8000 JavaThread "C2 CompilerThread0" daemon [_thread_blocked, id=12728, stack(0x0000005847700000,0x0000005847800000)]
  0x000001cd7d10c000 JavaThread "C1 CompilerThread0" daemon [_thread_blocked, id=22328, stack(0x0000005847800000,0x0000005847900000)]
  0x000001cd7d10e800 JavaThread "Sweeper thread" daemon [_thread_blocked, id=17872, stack(0x0000005847900000,0x0000005847a00000)]
  0x000001cd7d2a0000 JavaThread "Common-Cleaner" daemon [_thread_blocked, id=4676, stack(0x0000005847b00000,0x0000005847c00000)]
  0x000001cd7d29a000 JavaThread "C2 CompilerThread1" daemon [_thread_blocked, id=9616, stack(0x0000005847c00000,0x0000005847d00000)]
  0x000001cd7d2c8000 JavaThread "C2 CompilerThread2" daemon [_thread_in_native, id=13900, stack(0x0000005847d00000,0x0000005847e00000)]

Other Threads:
=>0x000001cd7d077000 VMThread "VM Thread" [stack: 0x0000005847100000,0x0000005847200000] [id=7012]
  0x000001cd7d296000 WatcherThread [stack: 0x0000005847a00000,0x0000005847b00000] [id=21920]
  0x000001cd5d73f000 GCTaskThread "GC Thread#0" [stack: 0x0000005846c00000,0x0000005846d00000] [id=21604]
  0x000001cd7d9d5800 GCTaskThread "GC Thread#1" [stack: 0x0000005847e00000,0x0000005847f00000] [id=19316]
  0x000001cd7d9d6000 GCTaskThread "GC Thread#2" [stack: 0x0000005847f00000,0x0000005848000000] [id=3604]
  0x000001cd7d9d7000 GCTaskThread "GC Thread#3" [stack: 0x0000005848000000,0x0000005848100000] [id=7888]
  0x000001cd7d9d7800 GCTaskThread "GC Thread#4" [stack: 0x0000005848100000,0x0000005848200000] [id=22252]
  0x000001cd7d9d8000 GCTaskThread "GC Thread#5" [stack: 0x0000005848200000,0x0000005848300000] [id=16260]
  0x000001cd5d79e000 ConcurrentGCThread "G1 Main Marker" [stack: 0x0000005846d00000,0x0000005846e00000] [id=14360]
  0x000001cd5d79f800 ConcurrentGCThread "G1 Conc#0" [stack: 0x0000005846e00000,0x0000005846f00000] [id=6900]
  0x000001cd7dae7800 ConcurrentGCThread "G1 Conc#1" [stack: 0x0000005848300000,0x0000005848400000] [id=22508]
  0x000001cd7c6de800 ConcurrentGCThread "G1 Refine#0" [stack: 0x0000005846f00000,0x0000005847000000] [id=17620]
  0x000001cd021a6800 ConcurrentGCThread "G1 Refine#1" [stack: 0x0000005848400000,0x0000005848500000] [id=15272]
  0x000001cd021a7800 ConcurrentGCThread "G1 Refine#2" [stack: 0x0000005848500000,0x0000005848600000] [id=21984]
  0x000001cd7c6df800 ConcurrentGCThread "G1 Young RemSet Sampling" [stack: 0x0000005847000000,0x0000005847100000] [id=17864]

Threads with active compile tasks:
C2 CompilerThread0   4866 6400       4       org.jetbrains.kotlin.util.AbstractModifierChecks::check (59 bytes)
C1 CompilerThread0   4866 6439   !   3       org.jetbrains.kotlin.load.java.structure.impl.classFiles.BinaryJavaClass::<init> (238 bytes)
C2 CompilerThread1   4866 6387       4       org.jetbrains.kotlin.types.TypeUtils::contains (298 bytes)
C2 CompilerThread2   4866 6386       4       org.jetbrains.kotlin.types.TypeSubstitutor::substitute (49 bytes)

VM state:at safepoint (normal execution)

VM Mutex/Monitor currently owned by a thread:  ([mutex/lock_event])
[0x000001cd5d7240e0] Threads_lock - owner thread: 0x000001cd7d077000
[0x000001cd5d7228b0] Heap_lock - owner thread: 0x000001cd5d726800

Heap address: 0x0000000701c00000, size: 4068 MB, Compressed Oops mode: Zero based, Oop shift amount: 3
Narrow klass base: 0x0000000800000000, Narrow klass shift: 0
Compressed class space size: 1073741824 Address: 0x0000000800000000

Heap:
 garbage-first heap   total 315392K, used 50794K [0x0000000701c00000, 0x0000000800000000)
  region size 1024K, 15 young (15360K), 15 survivors (15360K)
 Metaspace       used 53430K, capacity 54004K, committed 54144K, reserved 1097728K
  class space    used 5999K, capacity 6211K, committed 6272K, reserved 1048576K
Heap Regions: E=young(eden), S=young(survivor), O=old, HS=humongous(starts), HC=humongous(continues), CS=collection set, F=free, A=archive, TAMS=top-at-mark-start (previous, next)
|   0|0x0000000701c00000, 0x0000000701d00000, 0x0000000701d00000|100%|HS|  |TAMS 0x0000000701d00000, 0x0000000701c00000| Complete 
|   1|0x0000000701d00000, 0x0000000701e00000, 0x0000000701e00000|100%|HC|  |TAMS 0x0000000701e00000, 0x0000000701d00000| Complete 
|   2|0x0000000701e00000, 0x0000000701f00000, 0x0000000701f00000|100%|HC|  |TAMS 0x0000000701f00000, 0x0000000701e00000| Complete 
|   3|0x0000000701f00000, 0x0000000702000000, 0x0000000702000000|100%|HS|  |TAMS 0x0000000702000000, 0x0000000701f00000| Complete 
|   4|0x0000000702000000, 0x0000000702100000, 0x0000000702100000|100%|HC|  |TAMS 0x0000000702100000, 0x0000000702000000| Complete 
|   5|0x0000000702100000, 0x0000000702200000, 0x0000000702200000|100%|HC|  |TAMS 0x0000000702200000, 0x0000000702100000| Complete 
|   6|0x0000000702200000, 0x0000000702300000, 0x0000000702300000|100%|HS|  |TAMS 0x0000000702300000, 0x0000000702200000| Complete 
|   7|0x0000000702300000, 0x0000000702400000, 0x0000000702400000|100%|HC|  |TAMS 0x0000000702400000, 0x0000000702300000| Complete 
|   8|0x0000000702400000, 0x0000000702500000, 0x0000000702500000|100%|HC|  |TAMS 0x0000000702500000, 0x0000000702400000| Complete 
|   9|0x0000000702500000, 0x0000000702600000, 0x0000000702600000|100%| O|  |TAMS 0x0000000702600000, 0x0000000702500000| Untracked 
|  10|0x0000000702600000, 0x0000000702700000, 0x0000000702700000|100%| O|  |TAMS 0x0000000702700000, 0x0000000702600000| Untracked 
|  11|0x0000000702700000, 0x0000000702800000, 0x0000000702800000|100%| O|  |TAMS 0x0000000702800000, 0x0000000702700000| Untracked 
|  12|0x0000000702800000, 0x0000000702900000, 0x0000000702900000|100%| O|  |TAMS 0x0000000702900000, 0x0000000702800000| Untracked 
|  13|0x0000000702900000, 0x0000000702a00000, 0x0000000702a00000|100%|HS|  |TAMS 0x0000000702900000, 0x0000000702900000| Complete 
|  14|0x0000000702a00000, 0x0000000702b00000, 0x0000000702b00000|100%|HC|  |TAMS 0x0000000702a00000, 0x0000000702a00000| Complete 
|  15|0x0000000702b00000, 0x0000000702c00000, 0x0000000702c00000|100%| O|  |TAMS 0x0000000702c00000, 0x0000000702b00000| Untracked 
|  16|0x0000000702c00000, 0x0000000702d00000, 0x0000000702d00000|100%| O|  |TAMS 0x0000000702d00000, 0x0000000702c00000| Untracked 
|  17|0x0000000702d00000, 0x0000000702e00000, 0x0000000702e00000|100%| O|  |TAMS 0x0000000702e00000, 0x0000000702d00000| Untracked 
|  18|0x0000000702e00000, 0x0000000702f00000, 0x0000000702f00000|100%| O|  |TAMS 0x0000000702f00000, 0x0000000702e00000| Untracked 
|  19|0x0000000702f00000, 0x0000000703000000, 0x0000000703000000|100%| O|  |TAMS 0x0000000703000000, 0x0000000702f00000| Untracked 
|  20|0x0000000703000000, 0x0000000703100000, 0x0000000703100000|100%| O|  |TAMS 0x0000000703100000, 0x0000000703000000| Untracked 
|  21|0x0000000703100000, 0x0000000703200000, 0x0000000703200000|100%| O|  |TAMS 0x0000000703200000, 0x0000000703100000| Untracked 
|  22|0x0000000703200000, 0x0000000703300000, 0x0000000703300000|100%| O|  |TAMS 0x00000007032f5600, 0x0000000703200000| Untracked 
|  23|0x0000000703300000, 0x0000000703400000, 0x0000000703400000|100%| O|  |TAMS 0x0000000703300000, 0x0000000703300000| Untracked 
|  24|0x0000000703400000, 0x0000000703500000, 0x0000000703500000|100%| O|  |TAMS 0x0000000703400000, 0x0000000703400000| Untracked 
|  25|0x0000000703500000, 0x0000000703600000, 0x0000000703600000|100%| O|  |TAMS 0x0000000703500000, 0x0000000703500000| Untracked 
|  26|0x0000000703600000, 0x0000000703700000, 0x0000000703700000|100%| O|  |TAMS 0x0000000703600000, 0x0000000703600000| Untracked 
|  27|0x0000000703700000, 0x0000000703800000, 0x0000000703800000|100%| O|  |TAMS 0x0000000703700000, 0x0000000703700000| Untracked 
|  28|0x0000000703800000, 0x0000000703900000, 0x0000000703900000|100%| O|  |TAMS 0x0000000703800000, 0x0000000703800000| Untracked 
|  29|0x0000000703900000, 0x0000000703a00000, 0x0000000703a00000|100%| O|  |TAMS 0x0000000703900000, 0x0000000703900000| Untracked 
|  30|0x0000000703a00000, 0x0000000703b00000, 0x0000000703b00000|100%| O|  |TAMS 0x0000000703a00000, 0x0000000703a00000| Untracked 
|  31|0x0000000703b00000, 0x0000000703c00000, 0x0000000703c00000|100%| O|  |TAMS 0x0000000703b00000, 0x0000000703b00000| Untracked 
|  32|0x0000000703c00000, 0x0000000703d00000, 0x0000000703d00000|100%| O|  |TAMS 0x0000000703c00000, 0x0000000703c00000| Untracked 
|  33|0x0000000703d00000, 0x0000000703e00000, 0x0000000703e00000|100%| O|  |TAMS 0x0000000703d00000, 0x0000000703d00000| Untracked 
|  34|0x0000000703e00000, 0x0000000703e9a800, 0x0000000703f00000| 60%| O|  |TAMS 0x0000000703e00000, 0x0000000703e00000| Untracked 
|  35|0x0000000703f00000, 0x0000000703f00000, 0x0000000704000000|  0%| F|  |TAMS 0x0000000703f00000, 0x0000000703f00000| Untracked 
|  36|0x0000000704000000, 0x0000000704000000, 0x0000000704100000|  0%| F|  |TAMS 0x0000000704000000, 0x0000000704000000| Untracked 
|  37|0x0000000704100000, 0x0000000704100000, 0x0000000704200000|  0%| F|  |TAMS 0x0000000704100000, 0x0000000704100000| Untracked 
|  38|0x0000000704200000, 0x0000000704200000, 0x0000000704300000|  0%| F|  |TAMS 0x0000000704200000, 0x0000000704200000| Untracked 
|  39|0x0000000704300000, 0x0000000704300000, 0x0000000704400000|  0%| F|  |TAMS 0x0000000704300000, 0x0000000704300000| Untracked 
|  40|0x0000000704400000, 0x0000000704400000, 0x0000000704500000|  0%| F|  |TAMS 0x0000000704400000, 0x0000000704400000| Untracked 
|  41|0x0000000704500000, 0x0000000704500000, 0x0000000704600000|  0%| F|  |TAMS 0x0000000704500000, 0x0000000704500000| Untracked 
|  42|0x0000000704600000, 0x0000000704600000, 0x0000000704700000|  0%| F|  |TAMS 0x0000000704600000, 0x0000000704600000| Untracked 
|  43|0x0000000704700000, 0x0000000704700000, 0x0000000704800000|  0%| F|  |TAMS 0x0000000704700000, 0x0000000704700000| Untracked 
|  44|0x0000000704800000, 0x0000000704800000, 0x0000000704900000|  0%| F|  |TAMS 0x0000000704800000, 0x0000000704800000| Untracked 
|  45|0x0000000704900000, 0x0000000704900000, 0x0000000704a00000|  0%| F|  |TAMS 0x0000000704900000, 0x0000000704900000| Untracked 
|  46|0x0000000704a00000, 0x0000000704a00000, 0x0000000704b00000|  0%| F|  |TAMS 0x0000000704a00000, 0x0000000704a00000| Untracked 
|  47|0x0000000704b00000, 0x0000000704b00000, 0x0000000704c00000|  0%| F|  |TAMS 0x0000000704b00000, 0x0000000704b00000| Untracked 
|  48|0x0000000704c00000, 0x0000000704c00000, 0x0000000704d00000|  0%| F|  |TAMS 0x0000000704c00000, 0x0000000704c00000| Untracked 
|  49|0x0000000704d00000, 0x0000000704d00000, 0x0000000704e00000|  0%| F|  |TAMS 0x0000000704d00000, 0x0000000704d00000| Untracked 
|  50|0x0000000704e00000, 0x0000000704e00000, 0x0000000704f00000|  0%| F|  |TAMS 0x0000000704e00000, 0x0000000704e00000| Untracked 
|  51|0x0000000704f00000, 0x0000000704f00000, 0x0000000705000000|  0%| F|  |TAMS 0x0000000704f00000, 0x0000000704f00000| Untracked 
|  52|0x0000000705000000, 0x0000000705000000, 0x0000000705100000|  0%| F|  |TAMS 0x0000000705000000, 0x0000000705000000| Untracked 
|  53|0x0000000705100000, 0x0000000705100000, 0x0000000705200000|  0%| F|  |TAMS 0x0000000705100000, 0x0000000705100000| Untracked 
|  54|0x0000000705200000, 0x0000000705200000, 0x0000000705300000|  0%| F|  |TAMS 0x0000000705200000, 0x0000000705200000| Untracked 
|  55|0x0000000705300000, 0x0000000705300000, 0x0000000705400000|  0%| F|  |TAMS 0x0000000705300000, 0x0000000705300000| Untracked 
|  56|0x0000000705400000, 0x0000000705400000, 0x0000000705500000|  0%| F|  |TAMS 0x0000000705400000, 0x0000000705400000| Untracked 
|  57|0x0000000705500000, 0x0000000705500000, 0x0000000705600000|  0%| F|  |TAMS 0x0000000705500000, 0x0000000705500000| Untracked 
|  58|0x0000000705600000, 0x0000000705600000, 0x0000000705700000|  0%| F|  |TAMS 0x0000000705600000, 0x0000000705600000| Untracked 
|  59|0x0000000705700000, 0x0000000705700000, 0x0000000705800000|  0%| F|  |TAMS 0x0000000705700000, 0x0000000705700000| Untracked 
|  60|0x0000000705800000, 0x0000000705800000, 0x0000000705900000|  0%| F|  |TAMS 0x0000000705800000, 0x0000000705800000| Untracked 
|  61|0x0000000705900000, 0x0000000705900000, 0x0000000705a00000|  0%| F|  |TAMS 0x0000000705900000, 0x0000000705900000| Untracked 
|  62|0x0000000705a00000, 0x0000000705a00000, 0x0000000705b00000|  0%| F|  |TAMS 0x0000000705a00000, 0x0000000705a00000| Untracked 
|  63|0x0000000705b00000, 0x0000000705b00000, 0x0000000705c00000|  0%| F|  |TAMS 0x0000000705b00000, 0x0000000705b00000| Untracked 
|  64|0x0000000705c00000, 0x0000000705c00000, 0x0000000705d00000|  0%| F|  |TAMS 0x0000000705c00000, 0x0000000705c00000| Untracked 
|  65|0x0000000705d00000, 0x0000000705d00000, 0x0000000705e00000|  0%| F|  |TAMS 0x0000000705d00000, 0x0000000705d00000| Untracked 
|  66|0x0000000705e00000, 0x0000000705e00000, 0x0000000705f00000|  0%| F|  |TAMS 0x0000000705e00000, 0x0000000705e00000| Untracked 
|  67|0x0000000705f00000, 0x0000000705f00000, 0x0000000706000000|  0%| F|  |TAMS 0x0000000705f00000, 0x0000000705f00000| Untracked 
|  68|0x0000000706000000, 0x0000000706000000, 0x0000000706100000|  0%| F|  |TAMS 0x0000000706000000, 0x0000000706000000| Untracked 
|  69|0x0000000706100000, 0x0000000706100000, 0x0000000706200000|  0%| F|  |TAMS 0x0000000706100000, 0x0000000706100000| Untracked 
|  70|0x0000000706200000, 0x0000000706200000, 0x0000000706300000|  0%| F|  |TAMS 0x0000000706200000, 0x0000000706200000| Untracked 
|  71|0x0000000706300000, 0x0000000706300000, 0x0000000706400000|  0%| F|  |TAMS 0x0000000706300000, 0x0000000706300000| Untracked 
|  72|0x0000000706400000, 0x0000000706400000, 0x0000000706500000|  0%| F|  |TAMS 0x0000000706400000, 0x0000000706400000| Untracked 
|  73|0x0000000706500000, 0x0000000706500000, 0x0000000706600000|  0%| F|  |TAMS 0x0000000706500000, 0x0000000706500000| Untracked 
|  74|0x0000000706600000, 0x0000000706600000, 0x0000000706700000|  0%| F|  |TAMS 0x0000000706600000, 0x0000000706600000| Untracked 
|  75|0x0000000706700000, 0x0000000706700000, 0x0000000706800000|  0%| F|  |TAMS 0x0000000706700000, 0x0000000706700000| Untracked 
|  76|0x0000000706800000, 0x0000000706800000, 0x0000000706900000|  0%| F|  |TAMS 0x0000000706800000, 0x0000000706800000| Untracked 
|  77|0x0000000706900000, 0x0000000706900000, 0x0000000706a00000|  0%| F|  |TAMS 0x0000000706900000, 0x0000000706900000| Untracked 
|  78|0x0000000706a00000, 0x0000000706a00000, 0x0000000706b00000|  0%| F|  |TAMS 0x0000000706a00000, 0x0000000706a00000| Untracked 
|  79|0x0000000706b00000, 0x0000000706b00000, 0x0000000706c00000|  0%| F|  |TAMS 0x0000000706b00000, 0x0000000706b00000| Untracked 
|  80|0x0000000706c00000, 0x0000000706c00000, 0x0000000706d00000|  0%| F|  |TAMS 0x0000000706c00000, 0x0000000706c00000| Untracked 
|  81|0x0000000706d00000, 0x0000000706d00000, 0x0000000706e00000|  0%| F|  |TAMS 0x0000000706d00000, 0x0000000706d00000| Untracked 
|  82|0x0000000706e00000, 0x0000000706e00000, 0x0000000706f00000|  0%| F|  |TAMS 0x0000000706e00000, 0x0000000706e00000| Untracked 
|  83|0x0000000706f00000, 0x0000000706f00000, 0x0000000707000000|  0%| F|  |TAMS 0x0000000706f00000, 0x0000000706f00000| Untracked 
|  84|0x0000000707000000, 0x0000000707000000, 0x0000000707100000|  0%| F|  |TAMS 0x0000000707000000, 0x0000000707000000| Untracked 
|  85|0x0000000707100000, 0x0000000707100000, 0x0000000707200000|  0%| F|  |TAMS 0x0000000707100000, 0x0000000707100000| Untracked 
|  86|0x0000000707200000, 0x0000000707200000, 0x0000000707300000|  0%| F|  |TAMS 0x0000000707200000, 0x0000000707200000| Untracked 
|  87|0x0000000707300000, 0x0000000707300000, 0x0000000707400000|  0%| F|  |TAMS 0x0000000707300000, 0x0000000707300000| Untracked 
|  88|0x0000000707400000, 0x0000000707400000, 0x0000000707500000|  0%| F|  |TAMS 0x0000000707400000, 0x0000000707400000| Untracked 
|  89|0x0000000707500000, 0x0000000707500000, 0x0000000707600000|  0%| F|  |TAMS 0x0000000707500000, 0x0000000707500000| Untracked 
|  90|0x0000000707600000, 0x0000000707600000, 0x0000000707700000|  0%| F|  |TAMS 0x0000000707600000, 0x0000000707600000| Untracked 
|  91|0x0000000707700000, 0x0000000707700000, 0x0000000707800000|  0%| F|  |TAMS 0x0000000707700000, 0x0000000707700000| Untracked 
|  92|0x0000000707800000, 0x0000000707800000, 0x0000000707900000|  0%| F|  |TAMS 0x0000000707800000, 0x0000000707800000| Untracked 
|  93|0x0000000707900000, 0x0000000707900000, 0x0000000707a00000|  0%| F|  |TAMS 0x0000000707900000, 0x0000000707900000| Untracked 
|  94|0x0000000707a00000, 0x0000000707a00000, 0x0000000707b00000|  0%| F|  |TAMS 0x0000000707a00000, 0x0000000707a00000| Untracked 
|  95|0x0000000707b00000, 0x0000000707b00000, 0x0000000707c00000|  0%| F|  |TAMS 0x0000000707b00000, 0x0000000707b00000| Untracked 
|  96|0x0000000707c00000, 0x0000000707c00000, 0x0000000707d00000|  0%| F|  |TAMS 0x0000000707c00000, 0x0000000707c00000| Untracked 
|  97|0x0000000707d00000, 0x0000000707d00000, 0x0000000707e00000|  0%| F|  |TAMS 0x0000000707d00000, 0x0000000707d00000| Untracked 
|  98|0x0000000707e00000, 0x0000000707e00000, 0x0000000707f00000|  0%| F|  |TAMS 0x0000000707e00000, 0x0000000707e00000| Untracked 
|  99|0x0000000707f00000, 0x0000000707f00000, 0x0000000708000000|  0%| F|  |TAMS 0x0000000707f00000, 0x0000000707f00000| Untracked 
| 100|0x0000000708000000, 0x0000000708000000, 0x0000000708100000|  0%| F|  |TAMS 0x0000000708000000, 0x0000000708000000| Untracked 
| 101|0x0000000708100000, 0x0000000708100000, 0x0000000708200000|  0%| F|  |TAMS 0x0000000708100000, 0x0000000708100000| Untracked 
| 102|0x0000000708200000, 0x0000000708200000, 0x0000000708300000|  0%| F|  |TAMS 0x0000000708200000, 0x0000000708200000| Untracked 
| 103|0x0000000708300000, 0x0000000708300000, 0x0000000708400000|  0%| F|  |TAMS 0x0000000708300000, 0x0000000708300000| Untracked 
| 104|0x0000000708400000, 0x0000000708400000, 0x0000000708500000|  0%| F|  |TAMS 0x0000000708400000, 0x0000000708400000| Untracked 
| 105|0x0000000708500000, 0x0000000708500000, 0x0000000708600000|  0%| F|  |TAMS 0x0000000708500000, 0x0000000708500000| Untracked 
| 106|0x0000000708600000, 0x0000000708600000, 0x0000000708700000|  0%| F|  |TAMS 0x0000000708600000, 0x0000000708600000| Untracked 
| 107|0x0000000708700000, 0x0000000708700000, 0x0000000708800000|  0%| F|  |TAMS 0x0000000708700000, 0x0000000708700000| Untracked 
| 108|0x0000000708800000, 0x0000000708800000, 0x0000000708900000|  0%| F|  |TAMS 0x0000000708800000, 0x0000000708800000| Untracked 
| 109|0x0000000708900000, 0x0000000708900000, 0x0000000708a00000|  0%| F|  |TAMS 0x0000000708900000, 0x0000000708900000| Untracked 
| 110|0x0000000708a00000, 0x0000000708a00000, 0x0000000708b00000|  0%| F|  |TAMS 0x0000000708a00000, 0x0000000708a00000| Untracked 
| 111|0x0000000708b00000, 0x0000000708b00000, 0x0000000708c00000|  0%| F|  |TAMS 0x0000000708b00000, 0x0000000708b00000| Untracked 
| 112|0x0000000708c00000, 0x0000000708c00000, 0x0000000708d00000|  0%| F|  |TAMS 0x0000000708c00000, 0x0000000708c00000| Untracked 
| 113|0x0000000708d00000, 0x0000000708d00000, 0x0000000708e00000|  0%| F|  |TAMS 0x0000000708d00000, 0x0000000708d00000| Untracked 
| 114|0x0000000708e00000, 0x0000000708e00000, 0x0000000708f00000|  0%| F|  |TAMS 0x0000000708e00000, 0x0000000708e00000| Untracked 
| 115|0x0000000708f00000, 0x0000000708f00000, 0x0000000709000000|  0%| F|  |TAMS 0x0000000708f00000, 0x0000000708f00000| Untracked 
| 116|0x0000000709000000, 0x0000000709000000, 0x0000000709100000|  0%| F|  |TAMS 0x0000000709000000, 0x0000000709000000| Untracked 
| 117|0x0000000709100000, 0x0000000709100000, 0x0000000709200000|  0%| F|  |TAMS 0x0000000709100000, 0x0000000709100000| Untracked 
| 118|0x0000000709200000, 0x0000000709200000, 0x0000000709300000|  0%| F|  |TAMS 0x0000000709200000, 0x0000000709200000| Untracked 
| 119|0x0000000709300000, 0x0000000709300000, 0x0000000709400000|  0%| F|  |TAMS 0x0000000709300000, 0x0000000709300000| Untracked 
| 120|0x0000000709400000, 0x0000000709400000, 0x0000000709500000|  0%| F|  |TAMS 0x0000000709400000, 0x0000000709400000| Untracked 
| 121|0x0000000709500000, 0x0000000709500000, 0x0000000709600000|  0%| F|  |TAMS 0x0000000709500000, 0x0000000709500000| Untracked 
| 122|0x0000000709600000, 0x0000000709600000, 0x0000000709700000|  0%| F|  |TAMS 0x0000000709600000, 0x0000000709600000| Untracked 
| 123|0x0000000709700000, 0x0000000709700000, 0x0000000709800000|  0%| F|  |TAMS 0x0000000709700000, 0x0000000709700000| Untracked 
| 124|0x0000000709800000, 0x0000000709800000, 0x0000000709900000|  0%| F|  |TAMS 0x0000000709800000, 0x0000000709800000| Untracked 
| 125|0x0000000709900000, 0x0000000709900000, 0x0000000709a00000|  0%| F|  |TAMS 0x0000000709900000, 0x0000000709900000| Untracked 
| 126|0x0000000709a00000, 0x0000000709a00000, 0x0000000709b00000|  0%| F|  |TAMS 0x0000000709a00000, 0x0000000709a00000| Untracked 
| 127|0x0000000709b00000, 0x0000000709b00000, 0x0000000709c00000|  0%| F|  |TAMS 0x0000000709b00000, 0x0000000709b00000| Untracked 
| 128|0x0000000709c00000, 0x0000000709d00000, 0x0000000709d00000|100%| S|CS|TAMS 0x0000000709c00000, 0x0000000709c00000| Complete 
| 129|0x0000000709d00000, 0x0000000709e00000, 0x0000000709e00000|100%| S|CS|TAMS 0x0000000709d00000, 0x0000000709d00000| Complete 
| 130|0x0000000709e00000, 0x0000000709f00000, 0x0000000709f00000|100%| S|CS|TAMS 0x0000000709e00000, 0x0000000709e00000| Complete 
| 131|0x0000000709f00000, 0x000000070a000000, 0x000000070a000000|100%| S|CS|TAMS 0x0000000709f00000, 0x0000000709f00000| Complete 
| 132|0x000000070a000000, 0x000000070a100000, 0x000000070a100000|100%| S|CS|TAMS 0x000000070a000000, 0x000000070a000000| Complete 
| 133|0x000000070a100000, 0x000000070a200000, 0x000000070a200000|100%| S|CS|TAMS 0x000000070a100000, 0x000000070a100000| Complete 
| 134|0x000000070a200000, 0x000000070a300000, 0x000000070a300000|100%| S|CS|TAMS 0x000000070a200000, 0x000000070a200000| Complete 
| 135|0x000000070a300000, 0x000000070a400000, 0x000000070a400000|100%| S|CS|TAMS 0x000000070a300000, 0x000000070a300000| Complete 
| 136|0x000000070a400000, 0x000000070a500000, 0x000000070a500000|100%| S|CS|TAMS 0x000000070a400000, 0x000000070a400000| Complete 
| 137|0x000000070a500000, 0x000000070a600000, 0x000000070a600000|100%| S|CS|TAMS 0x000000070a500000, 0x000000070a500000| Complete 
| 138|0x000000070a600000, 0x000000070a700000, 0x000000070a700000|100%| S|CS|TAMS 0x000000070a600000, 0x000000070a600000| Complete 
| 139|0x000000070a700000, 0x000000070a800000, 0x000000070a800000|100%| S|CS|TAMS 0x000000070a700000, 0x000000070a700000| Complete 
| 140|0x000000070a800000, 0x000000070a900000, 0x000000070a900000|100%| S|CS|TAMS 0x000000070a800000, 0x000000070a800000| Complete 
| 141|0x000000070a900000, 0x000000070aa00000, 0x000000070aa00000|100%| S|CS|TAMS 0x000000070a900000, 0x000000070a900000| Complete 
| 142|0x000000070aa00000, 0x000000070ab00000, 0x000000070ab00000|100%| S|CS|TAMS 0x000000070aa00000, 0x000000070aa00000| Complete 
| 143|0x000000070ab00000, 0x000000070ab00000, 0x000000070ac00000|  0%| F|  |TAMS 0x000000070ab00000, 0x000000070ab00000| Untracked 
| 144|0x000000070ac00000, 0x000000070ac00000, 0x000000070ad00000|  0%| F|  |TAMS 0x000000070ac00000, 0x000000070ac00000| Untracked 
| 145|0x000000070ad00000, 0x000000070ad00000, 0x000000070ae00000|  0%| F|  |TAMS 0x000000070ad00000, 0x000000070ad00000| Untracked 
| 146|0x000000070ae00000, 0x000000070ae00000, 0x000000070af00000|  0%| F|  |TAMS 0x000000070ae00000, 0x000000070ae00000| Untracked 
| 147|0x000000070af00000, 0x000000070af00000, 0x000000070b000000|  0%| F|  |TAMS 0x000000070af00000, 0x000000070af00000| Untracked 
| 148|0x000000070b000000, 0x000000070b000000, 0x000000070b100000|  0%| F|  |TAMS 0x000000070b000000, 0x000000070b000000| Untracked 
| 149|0x000000070b100000, 0x000000070b100000, 0x000000070b200000|  0%| F|  |TAMS 0x000000070b100000, 0x000000070b100000| Untracked 
| 150|0x000000070b200000, 0x000000070b200000, 0x000000070b300000|  0%| F|  |TAMS 0x000000070b200000, 0x000000070b200000| Untracked 
| 151|0x000000070b300000, 0x000000070b300000, 0x000000070b400000|  0%| F|  |TAMS 0x000000070b300000, 0x000000070b300000| Untracked 
| 152|0x000000070b400000, 0x000000070b400000, 0x000000070b500000|  0%| F|  |TAMS 0x000000070b400000, 0x000000070b400000| Untracked 
| 153|0x000000070b500000, 0x000000070b500000, 0x000000070b600000|  0%| F|  |TAMS 0x000000070b500000, 0x000000070b500000| Untracked 
| 154|0x000000070b600000, 0x000000070b600000, 0x000000070b700000|  0%| F|  |TAMS 0x000000070b600000, 0x000000070b600000| Untracked 
| 155|0x000000070b700000, 0x000000070b700000, 0x000000070b800000|  0%| F|  |TAMS 0x000000070b700000, 0x000000070b700000| Untracked 
| 156|0x000000070b800000, 0x000000070b800000, 0x000000070b900000|  0%| F|  |TAMS 0x000000070b800000, 0x000000070b800000| Untracked 
| 157|0x000000070b900000, 0x000000070b900000, 0x000000070ba00000|  0%| F|  |TAMS 0x000000070b900000, 0x000000070b900000| Untracked 
| 158|0x000000070ba00000, 0x000000070ba00000, 0x000000070bb00000|  0%| F|  |TAMS 0x000000070ba00000, 0x000000070ba00000| Untracked 
| 159|0x000000070bb00000, 0x000000070bb00000, 0x000000070bc00000|  0%| F|  |TAMS 0x000000070bb00000, 0x000000070bb00000| Untracked 
| 160|0x000000070bc00000, 0x000000070bc00000, 0x000000070bd00000|  0%| F|  |TAMS 0x000000070bc00000, 0x000000070bc00000| Untracked 
| 161|0x000000070bd00000, 0x000000070bd00000, 0x000000070be00000|  0%| F|  |TAMS 0x000000070bd00000, 0x000000070bd00000| Untracked 
| 162|0x000000070be00000, 0x000000070be00000, 0x000000070bf00000|  0%| F|  |TAMS 0x000000070be00000, 0x000000070be00000| Untracked 
| 163|0x000000070bf00000, 0x000000070bf00000, 0x000000070c000000|  0%| F|  |TAMS 0x000000070bf00000, 0x000000070bf00000| Untracked 
| 164|0x000000070c000000, 0x000000070c000000, 0x000000070c100000|  0%| F|  |TAMS 0x000000070c000000, 0x000000070c000000| Untracked 
| 165|0x000000070c100000, 0x000000070c100000, 0x000000070c200000|  0%| F|  |TAMS 0x000000070c100000, 0x000000070c100000| Untracked 
| 166|0x000000070c200000, 0x000000070c200000, 0x000000070c300000|  0%| F|  |TAMS 0x000000070c200000, 0x000000070c200000| Untracked 
| 167|0x000000070c300000, 0x000000070c300000, 0x000000070c400000|  0%| F|  |TAMS 0x000000070c300000, 0x000000070c300000| Untracked 
| 168|0x000000070c400000, 0x000000070c400000, 0x000000070c500000|  0%| F|  |TAMS 0x000000070c400000, 0x000000070c400000| Untracked 
| 169|0x000000070c500000, 0x000000070c500000, 0x000000070c600000|  0%| F|  |TAMS 0x000000070c500000, 0x000000070c500000| Untracked 
| 170|0x000000070c600000, 0x000000070c600000, 0x000000070c700000|  0%| F|  |TAMS 0x000000070c600000, 0x000000070c600000| Untracked 
| 171|0x000000070c700000, 0x000000070c700000, 0x000000070c800000|  0%| F|  |TAMS 0x000000070c700000, 0x000000070c700000| Untracked 
| 172|0x000000070c800000, 0x000000070c800000, 0x000000070c900000|  0%| F|  |TAMS 0x000000070c800000, 0x000000070c800000| Untracked 
| 173|0x000000070c900000, 0x000000070c900000, 0x000000070ca00000|  0%| F|  |TAMS 0x000000070c900000, 0x000000070c900000| Untracked 
| 174|0x000000070ca00000, 0x000000070ca00000, 0x000000070cb00000|  0%| F|  |TAMS 0x000000070ca00000, 0x000000070ca00000| Untracked 
| 175|0x000000070cb00000, 0x000000070cb00000, 0x000000070cc00000|  0%| F|  |TAMS 0x000000070cb00000, 0x000000070cb00000| Untracked 
| 176|0x000000070cc00000, 0x000000070cc00000, 0x000000070cd00000|  0%| F|  |TAMS 0x000000070cc00000, 0x000000070cc00000| Untracked 
| 177|0x000000070cd00000, 0x000000070cd00000, 0x000000070ce00000|  0%| F|  |TAMS 0x000000070cd00000, 0x000000070cd00000| Untracked 
| 178|0x000000070ce00000, 0x000000070ce00000, 0x000000070cf00000|  0%| F|  |TAMS 0x000000070ce00000, 0x000000070ce00000| Untracked 
| 179|0x000000070cf00000, 0x000000070cf00000, 0x000000070d000000|  0%| F|  |TAMS 0x000000070cf00000, 0x000000070cf00000| Untracked 
| 180|0x000000070d000000, 0x000000070d000000, 0x000000070d100000|  0%| F|  |TAMS 0x000000070d000000, 0x000000070d000000| Untracked 
| 181|0x000000070d100000, 0x000000070d100000, 0x000000070d200000|  0%| F|  |TAMS 0x000000070d100000, 0x000000070d100000| Untracked 
| 182|0x000000070d200000, 0x000000070d200000, 0x000000070d300000|  0%| F|  |TAMS 0x000000070d200000, 0x000000070d200000| Untracked 
| 183|0x000000070d300000, 0x000000070d300000, 0x000000070d400000|  0%| F|  |TAMS 0x000000070d300000, 0x000000070d300000| Untracked 
| 184|0x000000070d400000, 0x000000070d400000, 0x000000070d500000|  0%| F|  |TAMS 0x000000070d400000, 0x000000070d400000| Untracked 
| 185|0x000000070d500000, 0x000000070d500000, 0x000000070d600000|  0%| F|  |TAMS 0x000000070d500000, 0x000000070d500000| Untracked 
| 186|0x000000070d600000, 0x000000070d600000, 0x000000070d700000|  0%| F|  |TAMS 0x000000070d600000, 0x000000070d600000| Untracked 
| 187|0x000000070d700000, 0x000000070d700000, 0x000000070d800000|  0%| F|  |TAMS 0x000000070d700000, 0x000000070d700000| Untracked 
| 188|0x000000070d800000, 0x000000070d800000, 0x000000070d900000|  0%| F|  |TAMS 0x000000070d800000, 0x000000070d800000| Untracked 
| 189|0x000000070d900000, 0x000000070d900000, 0x000000070da00000|  0%| F|  |TAMS 0x000000070d900000, 0x000000070d900000| Untracked 
| 190|0x000000070da00000, 0x000000070da00000, 0x000000070db00000|  0%| F|  |TAMS 0x000000070da00000, 0x000000070da00000| Untracked 
| 191|0x000000070db00000, 0x000000070db00000, 0x000000070dc00000|  0%| F|  |TAMS 0x000000070db00000, 0x000000070db00000| Untracked 
| 192|0x000000070dc00000, 0x000000070dc00000, 0x000000070dd00000|  0%| F|  |TAMS 0x000000070dc00000, 0x000000070dc00000| Untracked 
| 193|0x000000070dd00000, 0x000000070dd00000, 0x000000070de00000|  0%| F|  |TAMS 0x000000070dd00000, 0x000000070dd00000| Untracked 
| 194|0x000000070de00000, 0x000000070de00000, 0x000000070df00000|  0%| F|  |TAMS 0x000000070de00000, 0x000000070de00000| Untracked 
| 195|0x000000070df00000, 0x000000070df00000, 0x000000070e000000|  0%| F|  |TAMS 0x000000070df00000, 0x000000070df00000| Untracked 
| 196|0x000000070e000000, 0x000000070e000000, 0x000000070e100000|  0%| F|  |TAMS 0x000000070e000000, 0x000000070e000000| Untracked 
| 197|0x000000070e100000, 0x000000070e100000, 0x000000070e200000|  0%| F|  |TAMS 0x000000070e100000, 0x000000070e100000| Untracked 
| 198|0x000000070e200000, 0x000000070e200000, 0x000000070e300000|  0%| F|  |TAMS 0x000000070e200000, 0x000000070e200000| Untracked 
| 199|0x000000070e300000, 0x000000070e300000, 0x000000070e400000|  0%| F|  |TAMS 0x000000070e300000, 0x000000070e300000| Untracked 
| 200|0x000000070e400000, 0x000000070e400000, 0x000000070e500000|  0%| F|  |TAMS 0x000000070e400000, 0x000000070e400000| Untracked 
| 201|0x000000070e500000, 0x000000070e500000, 0x000000070e600000|  0%| F|  |TAMS 0x000000070e500000, 0x000000070e500000| Untracked 
| 202|0x000000070e600000, 0x000000070e600000, 0x000000070e700000|  0%| F|  |TAMS 0x000000070e600000, 0x000000070e600000| Untracked 
| 203|0x000000070e700000, 0x000000070e700000, 0x000000070e800000|  0%| F|  |TAMS 0x000000070e700000, 0x000000070e700000| Untracked 
| 204|0x000000070e800000, 0x000000070e800000, 0x000000070e900000|  0%| F|  |TAMS 0x000000070e800000, 0x000000070e800000| Untracked 
| 205|0x000000070e900000, 0x000000070e900000, 0x000000070ea00000|  0%| F|  |TAMS 0x000000070e900000, 0x000000070e900000| Untracked 
| 206|0x000000070ea00000, 0x000000070ea00000, 0x000000070eb00000|  0%| F|  |TAMS 0x000000070ea00000, 0x000000070ea00000| Untracked 
| 207|0x000000070eb00000, 0x000000070eb00000, 0x000000070ec00000|  0%| F|  |TAMS 0x000000070eb00000, 0x000000070eb00000| Untracked 
| 208|0x000000070ec00000, 0x000000070ec00000, 0x000000070ed00000|  0%| F|  |TAMS 0x000000070ec00000, 0x000000070ec00000| Untracked 
| 209|0x000000070ed00000, 0x000000070ed00000, 0x000000070ee00000|  0%| F|  |TAMS 0x000000070ed00000, 0x000000070ed00000| Untracked 
| 210|0x000000070ee00000, 0x000000070ee00000, 0x000000070ef00000|  0%| F|  |TAMS 0x000000070ee00000, 0x000000070ee00000| Untracked 
| 211|0x000000070ef00000, 0x000000070ef00000, 0x000000070f000000|  0%| F|  |TAMS 0x000000070ef00000, 0x000000070ef00000| Untracked 
| 212|0x000000070f000000, 0x000000070f000000, 0x000000070f100000|  0%| F|  |TAMS 0x000000070f000000, 0x000000070f000000| Untracked 
| 213|0x000000070f100000, 0x000000070f100000, 0x000000070f200000|  0%| F|  |TAMS 0x000000070f100000, 0x000000070f100000| Untracked 
| 214|0x000000070f200000, 0x000000070f200000, 0x000000070f300000|  0%| F|  |TAMS 0x000000070f200000, 0x000000070f200000| Untracked 
| 215|0x000000070f300000, 0x000000070f300000, 0x000000070f400000|  0%| F|  |TAMS 0x000000070f300000, 0x000000070f300000| Untracked 
| 216|0x000000070f400000, 0x000000070f400000, 0x000000070f500000|  0%| F|  |TAMS 0x000000070f400000, 0x000000070f400000| Untracked 
| 217|0x000000070f500000, 0x000000070f500000, 0x000000070f600000|  0%| F|  |TAMS 0x000000070f500000, 0x000000070f500000| Untracked 
| 218|0x000000070f600000, 0x000000070f600000, 0x000000070f700000|  0%| F|  |TAMS 0x000000070f600000, 0x000000070f600000| Untracked 
| 219|0x000000070f700000, 0x000000070f700000, 0x000000070f800000|  0%| F|  |TAMS 0x000000070f700000, 0x000000070f700000| Untracked 
| 220|0x000000070f800000, 0x000000070f800000, 0x000000070f900000|  0%| F|  |TAMS 0x000000070f800000, 0x000000070f800000| Untracked 
| 221|0x000000070f900000, 0x000000070f900000, 0x000000070fa00000|  0%| F|  |TAMS 0x000000070f900000, 0x000000070f900000| Untracked 
| 222|0x000000070fa00000, 0x000000070fa00000, 0x000000070fb00000|  0%| F|  |TAMS 0x000000070fa00000, 0x000000070fa00000| Untracked 
| 223|0x000000070fb00000, 0x000000070fb00000, 0x000000070fc00000|  0%| F|  |TAMS 0x000000070fb00000, 0x000000070fb00000| Untracked 
| 224|0x000000070fc00000, 0x000000070fc00000, 0x000000070fd00000|  0%| F|  |TAMS 0x000000070fc00000, 0x000000070fc00000| Untracked 
| 225|0x000000070fd00000, 0x000000070fd00000, 0x000000070fe00000|  0%| F|  |TAMS 0x000000070fd00000, 0x000000070fd00000| Untracked 
| 226|0x000000070fe00000, 0x000000070fe00000, 0x000000070ff00000|  0%| F|  |TAMS 0x000000070fe00000, 0x000000070fe00000| Untracked 
| 227|0x000000070ff00000, 0x000000070ff00000, 0x0000000710000000|  0%| F|  |TAMS 0x000000070ff00000, 0x000000070ff00000| Untracked 
| 228|0x0000000710000000, 0x0000000710000000, 0x0000000710100000|  0%| F|  |TAMS 0x0000000710000000, 0x0000000710000000| Untracked 
| 229|0x0000000710100000, 0x0000000710100000, 0x0000000710200000|  0%| F|  |TAMS 0x0000000710100000, 0x0000000710100000| Untracked 
| 230|0x0000000710200000, 0x0000000710200000, 0x0000000710300000|  0%| F|  |TAMS 0x0000000710200000, 0x0000000710200000| Untracked 
| 231|0x0000000710300000, 0x0000000710300000, 0x0000000710400000|  0%| F|  |TAMS 0x0000000710300000, 0x0000000710300000| Untracked 
| 232|0x0000000710400000, 0x0000000710400000, 0x0000000710500000|  0%| F|  |TAMS 0x0000000710400000, 0x0000000710400000| Untracked 
| 233|0x0000000710500000, 0x0000000710500000, 0x0000000710600000|  0%| F|  |TAMS 0x0000000710500000, 0x0000000710500000| Untracked 
| 234|0x0000000710600000, 0x0000000710600000, 0x0000000710700000|  0%| F|  |TAMS 0x0000000710600000, 0x0000000710600000| Untracked 
| 235|0x0000000710700000, 0x0000000710700000, 0x0000000710800000|  0%| F|  |TAMS 0x0000000710700000, 0x0000000710700000| Untracked 
| 236|0x0000000710800000, 0x0000000710800000, 0x0000000710900000|  0%| F|  |TAMS 0x0000000710800000, 0x0000000710800000| Untracked 
| 237|0x0000000710900000, 0x0000000710900000, 0x0000000710a00000|  0%| F|  |TAMS 0x0000000710900000, 0x0000000710900000| Untracked 
| 238|0x0000000710a00000, 0x0000000710a00000, 0x0000000710b00000|  0%| F|  |TAMS 0x0000000710a00000, 0x0000000710a00000| Untracked 
| 239|0x0000000710b00000, 0x0000000710b00000, 0x0000000710c00000|  0%| F|  |TAMS 0x0000000710b00000, 0x0000000710b00000| Untracked 
| 240|0x0000000710c00000, 0x0000000710c00000, 0x0000000710d00000|  0%| F|  |TAMS 0x0000000710c00000, 0x0000000710c00000| Untracked 
| 241|0x0000000710d00000, 0x0000000710d00000, 0x0000000710e00000|  0%| F|  |TAMS 0x0000000710d00000, 0x0000000710d00000| Untracked 
| 242|0x0000000710e00000, 0x0000000710e00000, 0x0000000710f00000|  0%| F|  |TAMS 0x0000000710e00000, 0x0000000710e00000| Untracked 
| 243|0x0000000710f00000, 0x0000000710f00000, 0x0000000711000000|  0%| F|  |TAMS 0x0000000710f00000, 0x0000000710f00000| Untracked 
| 244|0x0000000711000000, 0x0000000711000000, 0x0000000711100000|  0%| F|  |TAMS 0x0000000711000000, 0x0000000711000000| Untracked 
| 245|0x0000000711100000, 0x0000000711100000, 0x0000000711200000|  0%| F|  |TAMS 0x0000000711100000, 0x0000000711100000| Untracked 
| 246|0x0000000711200000, 0x0000000711200000, 0x0000000711300000|  0%| F|  |TAMS 0x0000000711200000, 0x0000000711200000| Untracked 
| 247|0x0000000711300000, 0x0000000711300000, 0x0000000711400000|  0%| F|  |TAMS 0x0000000711300000, 0x0000000711300000| Untracked 
| 248|0x0000000711400000, 0x0000000711400000, 0x0000000711500000|  0%| F|  |TAMS 0x0000000711400000, 0x0000000711400000| Untracked 
| 249|0x0000000711500000, 0x0000000711500000, 0x0000000711600000|  0%| F|  |TAMS 0x0000000711500000, 0x0000000711500000| Untracked 
| 250|0x0000000711600000, 0x0000000711600000, 0x0000000711700000|  0%| F|  |TAMS 0x0000000711600000, 0x0000000711600000| Untracked 
| 251|0x0000000711700000, 0x0000000711700000, 0x0000000711800000|  0%| F|  |TAMS 0x0000000711700000, 0x0000000711700000| Untracked 
| 252|0x0000000711800000, 0x0000000711800000, 0x0000000711900000|  0%| F|  |TAMS 0x0000000711800000, 0x0000000711800000| Untracked 
| 253|0x0000000711900000, 0x0000000711900000, 0x0000000711a00000|  0%| F|  |TAMS 0x0000000711900000, 0x0000000711900000| Untracked 
| 254|0x0000000711a00000, 0x0000000711a00000, 0x0000000711b00000|  0%| F|  |TAMS 0x0000000711a00000, 0x0000000711a00000| Untracked 
| 255|0x0000000711b00000, 0x0000000711b00000, 0x0000000711c00000|  0%| F|  |TAMS 0x0000000711b00000, 0x0000000711b00000| Untracked 

Card table byte_map: [0x000001cd70d40000,0x000001cd71540000] _byte_map_base: 0x000001cd6d532000

Marking Bits (Prev, Next): (CMBitMap*) 0x000001cd5d78d638, (CMBitMap*) 0x000001cd5d78d670
 Prev Bits: [0x000001cd71d40000, 0x000001cd75cd0000)
 Next Bits: [0x000001cd75cd0000, 0x000001cd79c60000)

Polling page: 0x000001cd5b740000

Metaspace:

Usage:
  Non-class:     46.67 MB capacity,    46.32 MB (>99%) used,   283.13 KB ( <1%) free+waste,    79.13 KB ( <1%) overhead. 
      Class:      6.07 MB capacity,     5.86 MB ( 97%) used,   179.46 KB (  3%) free+waste,    32.19 KB ( <1%) overhead. 
       Both:     52.74 MB capacity,    52.18 MB ( 99%) used,   462.59 KB ( <1%) free+waste,   111.31 KB ( <1%) overhead. 

Virtual space:
  Non-class space:       48.00 MB reserved,      46.75 MB ( 97%) committed 
      Class space:        1.00 GB reserved,       6.13 MB ( <1%) committed 
             Both:        1.05 GB reserved,      52.88 MB (  5%) committed 

Chunk freelists:
   Non-Class:  15.00 KB
       Class:  29.00 KB
        Both:  44.00 KB

MaxMetaspaceSize: 17179869184.00 GB
CompressedClassSpaceSize: 1.00 GB

CodeHeap 'non-profiled nmethods': size=120000Kb used=2938Kb max_used=2938Kb free=117061Kb
 bounds [0x000001cd68ce0000, 0x000001cd68fc0000, 0x000001cd70210000]
CodeHeap 'profiled nmethods': size=120000Kb used=14983Kb max_used=14983Kb free=105017Kb
 bounds [0x000001cd617b0000, 0x000001cd62660000, 0x000001cd68ce0000]
CodeHeap 'non-nmethods': size=5760Kb used=1212Kb max_used=1262Kb free=4547Kb
 bounds [0x000001cd61210000, 0x000001cd61480000, 0x000001cd617b0000]
 total_blobs=6912 nmethods=6355 adapters=467
 compilation: enabled
              stopped_count=0, restarted_count=0
 full_count=0

Compilation events (20 events):
Event: 4.810 Thread 0x000001cd7d10c000 nmethod 6428 0x000001cd62642410 code [0x000001cd626426e0, 0x000001cd62643308]
Event: 4.810 Thread 0x000001cd7d10c000 6429       3       org.jetbrains.kotlin.types.model.TypeSystemContext$DefaultImpls::hasFlexibleNullability (47 bytes)
Event: 4.811 Thread 0x000001cd7d10c000 nmethod 6429 0x000001cd62643790 code [0x000001cd62643a80, 0x000001cd62644878]
Event: 4.811 Thread 0x000001cd7d10c000 6433       3       org.jetbrains.kotlin.types.checker.ClassicTypeSystemContext$DefaultImpls::asDynamicType (108 bytes)
Event: 4.813 Thread 0x000001cd7d10c000 nmethod 6433 0x000001cd62644c90 code [0x000001cd626450c0, 0x000001cd62646d78]
Event: 4.813 Thread 0x000001cd7d10c000 6434       3       org.jetbrains.kotlin.resolve.OverridingUtilTypeSystemContext::areEqualTypeConstructors (133 bytes)
Event: 4.814 Thread 0x000001cd7d10c000 nmethod 6434 0x000001cd62647690 code [0x000001cd626479c0, 0x000001cd62648c98]
Event: 4.814 Thread 0x000001cd7d10c000 6427       3       org.jetbrains.kotlin.load.java.descriptors.JavaMethodDescriptor::enhance (10 bytes)
Event: 4.814 Thread 0x000001cd7d10c000 nmethod 6427 0x000001cd62649210 code [0x000001cd626493c0, 0x000001cd62649508]
Event: 4.819 Thread 0x000001cd7d10c000 6435       3       org.jetbrains.kotlin.load.java.structure.impl.classFiles.BinaryJavaClass::convertInternalNameToClassifierType (26 bytes)
Event: 4.820 Thread 0x000001cd7d10c000 nmethod 6435 0x000001cd62649610 code [0x000001cd62649860, 0x000001cd6264a1e8]
Event: 4.820 Thread 0x000001cd7d10c000 6436       3       org.jetbrains.kotlin.load.java.structure.impl.classFiles.BinaryJavaClass$convertInternalNameToClassifierType$1::<init> (16 bytes)
Event: 4.820 Thread 0x000001cd7d10c000 nmethod 6436 0x000001cd6264a510 code [0x000001cd6264a6e0, 0x000001cd6264a978]
Event: 4.822 Thread 0x000001cd7d10c000 6437       3       org.jetbrains.kotlin.types.checker.SimpleClassicTypeSystemContext::getClassFqNameUnsafe (6 bytes)
Event: 4.822 Thread 0x000001cd7d10c000 nmethod 6437 0x000001cd6264aa90 code [0x000001cd6264ac40, 0x000001cd6264ad68]
Event: 4.822 Thread 0x000001cd7d10c000 6438       3       org.jetbrains.kotlin.types.checker.ClassicTypeSystemContext$DefaultImpls::getClassFqNameUnsafe (125 bytes)
Event: 4.824 Thread 0x000001cd7d10c000 nmethod 6438 0x000001cd6264ae10 code [0x000001cd6264b360, 0x000001cd6264d9a8]
Event: 4.824 Thread 0x000001cd7d10c000 6440       3       org.jetbrains.kotlin.load.java.structure.impl.classFiles.BinaryJavaClass::visit (189 bytes)
Event: 4.827 Thread 0x000001cd7d10c000 nmethod 6440 0x000001cd6264e610 code [0x000001cd6264ea60, 0x000001cd62650d88]
Event: 4.827 Thread 0x000001cd7d10c000 6439   !   3       org.jetbrains.kotlin.load.java.structure.impl.classFiles.BinaryJavaClass::<init> (238 bytes)

GC Heap History (13 events):
Event: 0.506 GC heap before
{Heap before GC invocations=0 (full 0):
 garbage-first heap   total 262144K, used 27648K [0x0000000701c00000, 0x0000000800000000)
  region size 1024K, 24 young (24576K), 0 survivors (0K)
 Metaspace       used 12302K, capacity 12405K, committed 12544K, reserved 1060864K
  class space    used 1154K, capacity 1174K, committed 1280K, reserved 1048576K
}
Event: 0.509 GC heap after
{Heap after GC invocations=1 (full 0):
 garbage-first heap   total 262144K, used 5685K [0x0000000701c00000, 0x0000000800000000)
  region size 1024K, 3 young (3072K), 3 survivors (3072K)
 Metaspace       used 12302K, capacity 12405K, committed 12544K, reserved 1060864K
  class space    used 1154K, capacity 1174K, committed 1280K, reserved 1048576K
}
Event: 1.045 GC heap before
{Heap before GC invocations=1 (full 0):
 garbage-first heap   total 262144K, used 41525K [0x0000000701c00000, 0x0000000800000000)
  region size 1024K, 39 young (39936K), 3 survivors (3072K)
 Metaspace       used 20884K, capacity 21038K, committed 21248K, reserved 1069056K
  class space    used 2219K, capacity 2286K, committed 2304K, reserved 1048576K
}
Event: 1.055 GC heap after
{Heap after GC invocations=2 (full 0):
 garbage-first heap   total 262144K, used 9433K [0x0000000701c00000, 0x0000000800000000)
  region size 1024K, 7 young (7168K), 7 survivors (7168K)
 Metaspace       used 20884K, capacity 21038K, committed 21248K, reserved 1069056K
  class space    used 2219K, capacity 2286K, committed 2304K, reserved 1048576K
}
Event: 1.814 GC heap before
{Heap before GC invocations=3 (full 0):
 garbage-first heap   total 262144K, used 72921K [0x0000000701c00000, 0x0000000800000000)
  region size 1024K, 57 young (58368K), 7 survivors (7168K)
 Metaspace       used 31120K, capacity 31536K, committed 31872K, reserved 1077248K
  class space    used 3693K, capacity 3857K, committed 3968K, reserved 1048576K
}
Event: 1.825 GC heap after
{Heap after GC invocations=4 (full 0):
 garbage-first heap   total 262144K, used 23628K [0x0000000701c00000, 0x0000000800000000)
  region size 1024K, 8 young (8192K), 8 survivors (8192K)
 Metaspace       used 31120K, capacity 31536K, committed 31872K, reserved 1077248K
  class space    used 3693K, capacity 3857K, committed 3968K, reserved 1048576K
}
Event: 2.029 GC heap before
{Heap before GC invocations=4 (full 0):
 garbage-first heap   total 262144K, used 38988K [0x0000000701c00000, 0x0000000800000000)
  region size 1024K, 23 young (23552K), 8 survivors (8192K)
 Metaspace       used 34297K, capacity 34782K, committed 34944K, reserved 1079296K
  class space    used 4031K, capacity 4214K, committed 4224K, reserved 1048576K
}
Event: 2.036 GC heap after
{Heap after GC invocations=5 (full 0):
 garbage-first heap   total 262144K, used 23411K [0x0000000701c00000, 0x0000000800000000)
  region size 1024K, 2 young (2048K), 2 survivors (2048K)
 Metaspace       used 34297K, capacity 34782K, committed 34944K, reserved 1079296K
  class space    used 4031K, capacity 4214K, committed 4224K, reserved 1048576K
}
Event: 2.085 GC heap before
{Heap before GC invocations=5 (full 0):
 garbage-first heap   total 262144K, used 27507K [0x0000000701c00000, 0x0000000800000000)
  region size 1024K, 7 young (7168K), 2 survivors (2048K)
 Metaspace       used 34988K, capacity 35439K, committed 35584K, reserved 1081344K
  class space    used 4100K, capacity 4283K, committed 4352K, reserved 1048576K
}
Event: 2.087 GC heap after
{Heap after GC invocations=6 (full 0):
 garbage-first heap   total 262144K, used 23787K [0x0000000701c00000, 0x0000000800000000)
  region size 1024K, 3 young (3072K), 3 survivors (3072K)
 Metaspace       used 34988K, capacity 35439K, committed 35584K, reserved 1081344K
  class space    used 4100K, capacity 4283K, committed 4352K, reserved 1048576K
}
Event: 3.090 GC heap before
{Heap before GC invocations=7 (full 0):
 garbage-first heap   total 262144K, used 96491K [0x0000000701c00000, 0x0000000800000000)
  region size 1024K, 71 young (72704K), 3 survivors (3072K)
 Metaspace       used 46606K, capacity 47133K, committed 47360K, reserved 1091584K
  class space    used 5430K, capacity 5627K, committed 5632K, reserved 1048576K
}
Event: 3.102 GC heap after
{Heap after GC invocations=8 (full 0):
 garbage-first heap   total 262144K, used 35943K [0x0000000701c00000, 0x0000000800000000)
  region size 1024K, 9 young (9216K), 9 survivors (9216K)
 Metaspace       used 46606K, capacity 47133K, committed 47360K, reserved 1091584K
  class space    used 5430K, capacity 5627K, committed 5632K, reserved 1048576K
}
Event: 4.828 GC heap before
{Heap before GC invocations=8 (full 0):
 garbage-first heap   total 262144K, used 142439K [0x0000000701c00000, 0x0000000800000000)
  region size 1024K, 113 young (115712K), 9 survivors (9216K)
 Metaspace       used 53430K, capacity 54004K, committed 54144K, reserved 1097728K
  class space    used 5999K, capacity 6211K, committed 6272K, reserved 1048576K
}

Deoptimization events (20 events):
Event: 4.701 Thread 0x000001cd5d726800 DEOPT PACKING pc=0x000001cd68f9ffa4 sp=0x0000005846bfb250
Event: 4.701 Thread 0x000001cd5d726800 DEOPT UNPACKING pc=0x000001cd61237b2f sp=0x0000005846bfb1a0 mode 2
Event: 4.701 Thread 0x000001cd5d726800 Uncommon trap: trap_request=0xffffffbe fr.pc=0x000001cd68f90244 relative=0x0000000000001524
Event: 4.701 Thread 0x000001cd5d726800 Uncommon trap: reason=profile_predicate action=maybe_recompile pc=0x000001cd68f90244 method=org.jetbrains.kotlin.serialization.deserialization.descriptors.DeserializedPackageMemberScope.hasClass(Lorg/jetbrains/kotlin/name/Name;)Z @ 65 c2
Event: 4.701 Thread 0x000001cd5d726800 DEOPT PACKING pc=0x000001cd68f90244 sp=0x0000005846bfb200
Event: 4.701 Thread 0x000001cd5d726800 DEOPT UNPACKING pc=0x000001cd61237b2f sp=0x0000005846bfb190 mode 2
Event: 4.740 Thread 0x000001cd5d726800 Uncommon trap: trap_request=0xffffff7e fr.pc=0x000001cd68faeb20 relative=0x00000000000018c0
Event: 4.740 Thread 0x000001cd5d726800 Uncommon trap: reason=predicate action=maybe_recompile pc=0x000001cd68faeb20 method=java.util.regex.Pattern$Slice.match(Ljava/util/regex/Matcher;ILjava/lang/CharSequence;)Z @ 18 c2
Event: 4.740 Thread 0x000001cd5d726800 DEOPT PACKING pc=0x000001cd68faeb20 sp=0x0000005846bfd480
Event: 4.740 Thread 0x000001cd5d726800 DEOPT UNPACKING pc=0x000001cd61237b2f sp=0x0000005846bfd238 mode 2
Event: 4.740 Thread 0x000001cd5d726800 Uncommon trap: trap_request=0xffffff7e fr.pc=0x000001cd68fa667c relative=0x00000000000018bc
Event: 4.740 Thread 0x000001cd5d726800 Uncommon trap: reason=predicate action=maybe_recompile pc=0x000001cd68fa667c method=java.util.regex.Pattern$Slice.match(Ljava/util/regex/Matcher;ILjava/lang/CharSequence;)Z @ 18 c2
Event: 4.740 Thread 0x000001cd5d726800 DEOPT PACKING pc=0x000001cd68fa667c sp=0x0000005846bfd430
Event: 4.740 Thread 0x000001cd5d726800 DEOPT UNPACKING pc=0x000001cd61237b2f sp=0x0000005846bfd220 mode 2
Event: 4.742 Thread 0x000001cd5d726800 Uncommon trap: trap_request=0xffffff7e fr.pc=0x000001cd68fac3e4 relative=0x0000000000000404
Event: 4.742 Thread 0x000001cd5d726800 Uncommon trap: reason=predicate action=maybe_recompile pc=0x000001cd68fac3e4 method=java.util.regex.Pattern$Slice.match(Ljava/util/regex/Matcher;ILjava/lang/CharSequence;)Z @ 18 c2
Event: 4.742 Thread 0x000001cd5d726800 DEOPT PACKING pc=0x000001cd68fac3e4 sp=0x0000005846bfd330
Event: 4.742 Thread 0x000001cd5d726800 DEOPT UNPACKING pc=0x000001cd61237b2f sp=0x0000005846bfd238 mode 2
Event: 4.773 Thread 0x000001cd5d726800 DEOPT PACKING pc=0x000001cd61b81724 sp=0x0000005846bfce40
Event: 4.773 Thread 0x000001cd5d726800 DEOPT UNPACKING pc=0x000001cd6123794e sp=0x0000005846bfc3e0 mode 0

Classes redefined (0 events):
No events

Internal exceptions (20 events):
Event: 1.286 Thread 0x000001cd5d726800 Exception <a 'java/lang/NoSuchMethodError'{0x0000000710b262e8}: 'void java.lang.invoke.DirectMethodHandle$Holder.invokeSpecial(java.lang.Object, java.lang.Object)'> (0x0000000710b262e8) thrown at [./src/hotspot/share/interpreter/linkResolver.cpp, line 773]
Event: 1.317 Thread 0x000001cd5d726800 Exception <a 'java/lang/NoSuchMethodError'{0x00000007109ca930}: 'void java.lang.invoke.DirectMethodHandle$Holder.invokeStaticInit(java.lang.Object, java.lang.Object)'> (0x00000007109ca930) thrown at [./src/hotspot/share/interpreter/linkResolver.cpp, line 773]
Event: 1.323 Thread 0x000001cd5d726800 Exception <a 'java/lang/NoSuchMethodError'{0x0000000710809708}: 'void java.lang.invoke.DirectMethodHandle$Holder.invokeInterface(java.lang.Object, java.lang.Object)'> (0x0000000710809708) thrown at [./src/hotspot/share/interpreter/linkResolver.cpp, line 773]
Event: 1.377 Thread 0x000001cd5d726800 Exception <a 'java/lang/NoSuchMethodError'{0x00000007104228f8}: 'void java.lang.invoke.DirectMethodHandle$Holder.invokeVirtual(java.lang.Object, java.lang.Object)'> (0x00000007104228f8) thrown at [./src/hotspot/share/interpreter/linkResolver.cpp, line 773]
Event: 1.386 Thread 0x000001cd5d726800 Exception <a 'java/lang/NoSuchMethodError'{0x0000000710499648}: 'int java.lang.invoke.DirectMethodHandle$Holder.invokeVirtual(java.lang.Object, java.lang.Object)'> (0x0000000710499648) thrown at [./src/hotspot/share/interpreter/linkResolver.cpp, line 773]
Event: 1.693 Thread 0x000001cd5d726800 Implicit null exception at 0x000001cd68d445f4 to 0x000001cd68d44824
Event: 1.694 Thread 0x000001cd5d726800 Implicit null exception at 0x000001cd68d3ba78 to 0x000001cd68d3bb0a
Event: 1.695 Thread 0x000001cd5d726800 Implicit null exception at 0x000001cd68d96b2f to 0x000001cd68d96ba9
Event: 1.954 Thread 0x000001cd5d726800 Exception <a 'java/lang/NoSuchMethodError'{0x000000071122dfe8}: 'java.lang.Object java.lang.invoke.DirectMethodHandle$Holder.invokeVirtual(java.lang.Object, java.lang.Object, java.lang.Object)'> (0x000000071122dfe8) thrown at [./src/hotspot/share/interpreter/linkResolver.cpp, line 773]
Event: 2.457 Thread 0x000001cd5d726800 Exception <a 'java/lang/NoSuchMethodError'{0x000000070fc3d548}: 'java.lang.Object java.lang.invoke.Invokers$Holder.linkToTargetMethod(java.lang.Object, int, java.lang.Object)'> (0x000000070fc3d548) thrown at [./src/hotspot/share/interpreter/linkResolver.cpp, line 773]
Event: 2.618 Thread 0x000001cd5d726800 Exception <a 'java/lang/NoSuchMethodError'{0x000000070f63d0a8}: 'java.lang.Object java.lang.invoke.DirectMethodHandle$Holder.invokeStatic(java.lang.Object, java.lang.Object, java.lang.Object, int)'> (0x000000070f63d0a8) thrown at [./src/hotspot/share/interpreter/linkResolver.cpp, line 773]
Event: 2.619 Thread 0x000001cd5d726800 Exception <a 'java/lang/NoSuchMethodError'{0x000000070f640d18}: 'java.lang.Object java.lang.invoke.DirectMethodHandle$Holder.invokeSpecial(java.lang.Object, java.lang.Object, java.lang.Object, java.lang.Object, int)'> (0x000000070f640d18) thrown at [./src/hotspot/share/interpreter/linkResolver.cpp, line 773]
Event: 2.619 Thread 0x000001cd5d726800 Exception <a 'java/lang/NoSuchMethodError'{0x000000070f644028}: 'java.lang.Object java.lang.invoke.Invokers$Holder.linkToTargetMethod(java.lang.Object, java.lang.Object, int, java.lang.Object)'> (0x000000070f644028) thrown at [./src/hotspot/share/interpreter/linkResolver.cpp, line 773]
Event: 3.030 Thread 0x000001cd5d726800 Exception <a 'java/lang/NoSuchMethodError'{0x000000070e0b7118}: 'java.lang.Object java.lang.invoke.DirectMethodHandle$Holder.invokeSpecial(java.lang.Object, java.lang.Object, java.lang.Object, java.lang.Object, java.lang.Object, java.lang.Object, java.lang.Object, java.lang.Object, java.lang.Object)'> (0x000000070e0b7118) thrown at [./src/hotspot/share/interpreter/linkResolver.cpp, line 773]
Event: 3.030 Thread 0x000001cd5d726800 Exception <a 'java/lang/NoSuchMethodError'{0x000000070e0bb310}: 'java.lang.Object java.lang.invoke.Invokers$Holder.linkToTargetMethod(java.lang.Object, java.lang.Object, java.lang.Object, java.lang.Object, java.lang.Object, java.lang.Object, java.lang.Object, java.lang.Object)'> (0x000000070e0bb310) thrown at [./src/hotspot/share/interpreter/linkResolver.cpp, line 773]
Event: 4.047 Thread 0x000001cd5d726800 Exception <a 'java/lang/NoSuchMethodError'{0x000000070e7fa8c0}: 'int java.lang.invoke.DirectMethodHandle$Holder.invokeInterface(java.lang.Object, java.lang.Object)'> (0x000000070e7fa8c0) thrown at [./src/hotspot/share/interpreter/linkResolver.cpp, line 773]
Event: 4.443 Thread 0x000001cd5d726800 Exception <a 'java/lang/NoSuchMethodError'{0x000000070c6ad5d8}: 'java.lang.Object java.lang.invoke.DirectMethodHandle$Holder.invokeStaticInit(java.lang.Object, java.lang.Object, java.lang.Object)'> (0x000000070c6ad5d8) thrown at [./src/hotspot/share/interpreter/linkResolver.cpp, line 773]
Event: 4.445 Thread 0x000001cd5d726800 Exception <a 'java/lang/NoSuchMethodError'{0x000000070c6bd140}: 'java.lang.Object java.lang.invoke.DirectMethodHandle$Holder.invokeStatic(java.lang.Object, int, java.lang.Object, java.lang.Object)'> (0x000000070c6bd140) thrown at [./src/hotspot/share/interpreter/linkResolver.cpp, line 773]
Event: 4.512 Thread 0x000001cd5d726800 Exception <a 'java/lang/NoSuchMethodError'{0x000000070c2ef560}: 'java.lang.Object java.lang.invoke.Invokers$Holder.linkToTargetMethod(java.lang.Object, java.lang.Object, java.lang.Object, java.lang.Object, java.lang.Object, java.lang.Object)'> (0x000000070c2ef560) thrown at [./src/hotspot/share/interpreter/linkResolver.cpp, line 773]
Event: 4.533 Thread 0x000001cd5d726800 Implicit null exception at 0x000001cd68e14ecc to 0x000001cd68e14fb4

Events (20 events):
Event: 4.727 loading class org/jetbrains/kotlin/contracts/model/structure/ESKotlinType done
Event: 4.727 loading class org/jetbrains/kotlin/contracts/model/structure/CallComputation
Event: 4.727 loading class org/jetbrains/kotlin/contracts/model/structure/CallComputation done
Event: 4.727 loading class org/jetbrains/kotlin/contracts/description/ContractProviderKey
Event: 4.727 loading class org/jetbrains/kotlin/contracts/description/ContractProviderKey done
Event: 4.727 loading class org/jetbrains/kotlin/contracts/model/structure/UNKNOWN_COMPUTATION
Event: 4.727 loading class org/jetbrains/kotlin/contracts/model/structure/UNKNOWN_COMPUTATION done
Event: 4.728 loading class org/jetbrains/kotlin/contracts/model/visitors/InfoCollector
Event: 4.728 loading class org/jetbrains/kotlin/contracts/model/visitors/InfoCollector done
Event: 4.728 loading class org/jetbrains/kotlin/contracts/model/MutableContextInfo
Event: 4.728 loading class org/jetbrains/kotlin/contracts/model/MutableContextInfo done
Event: 4.729 loading class org/jetbrains/kotlin/contracts/model/MutableContextInfo$Companion
Event: 4.729 loading class org/jetbrains/kotlin/contracts/model/MutableContextInfo$Companion done
Event: 4.729 loading class org/jetbrains/kotlin/contracts/ContextInfoToDataFlowInfoKt
Event: 4.729 loading class org/jetbrains/kotlin/contracts/ContextInfoToDataFlowInfoKt done
Event: 4.729 loading class org/jetbrains/kotlin/resolve/calls/results/OverloadResolutionResultsUtil
Event: 4.729 loading class org/jetbrains/kotlin/resolve/calls/results/OverloadResolutionResultsUtil done
Event: 4.730 loading class org/jetbrains/kotlin/resolve/calls/tower/KotlinToResolvedCallTransformerKt$hasInferredReturnType$1
Event: 4.730 loading class org/jetbrains/kotlin/resolve/calls/tower/KotlinToResolvedCallTransformerKt$hasInferredReturnType$1 done
Event: 4.827 Executing VM operation: G1CollectForAllocation


Dynamic libraries:
0x00007ff79b860000 - 0x00007ff79b86a000 	C:\Program Files\Android\Android Studio\jre\bin\java.exe
0x00007ff83f7b0000 - 0x00007ff83f9a5000 	C:\Windows\SYSTEM32\ntdll.dll
0x00007ff83e230000 - 0x00007ff83e2ed000 	C:\Windows\System32\KERNEL32.DLL
0x00007ff83d280000 - 0x00007ff83d549000 	C:\Windows\System32\KERNELBASE.dll
0x00007ff83d6b0000 - 0x00007ff83d7b0000 	C:\Windows\System32\ucrtbase.dll
0x00007ff8220f0000 - 0x00007ff822109000 	C:\Program Files\Android\Android Studio\jre\bin\jli.dll
0x00007ff822110000 - 0x00007ff822127000 	C:\Program Files\Android\Android Studio\jre\bin\VCRUNTIME140.dll
0x00007ff83e700000 - 0x00007ff83e8a0000 	C:\Windows\System32\USER32.dll
0x00007ff83cee0000 - 0x00007ff83cf02000 	C:\Windows\System32\win32u.dll
0x00007ff82e730000 - 0x00007ff82e9ca000 	C:\Windows\WinSxS\amd64_microsoft.windows.common-controls_6595b64144ccf1df_6.0.19041.1110_none_60b5254171f9507e\COMCTL32.dll
0x00007ff83e0a0000 - 0x00007ff83e0ca000 	C:\Windows\System32\GDI32.dll
0x00007ff83e600000 - 0x00007ff83e69e000 	C:\Windows\System32\msvcrt.dll
0x00007ff83d5a0000 - 0x00007ff83d6ab000 	C:\Windows\System32\gdi32full.dll
0x00007ff83cfc0000 - 0x00007ff83d05d000 	C:\Windows\System32\msvcp_win.dll
0x00007ff83dfd0000 - 0x00007ff83e000000 	C:\Windows\System32\IMM32.DLL
0x00007fffdda50000 - 0x00007fffddaed000 	C:\Program Files\Android\Android Studio\jre\bin\msvcp140.dll
0x00007fffbadd0000 - 0x00007fffbb89f000 	C:\Program Files\Android\Android Studio\jre\bin\server\jvm.dll
0x00007ff83dd40000 - 0x00007ff83ddec000 	C:\Windows\System32\ADVAPI32.dll
0x00007ff83e000000 - 0x00007ff83e09b000 	C:\Windows\System32\sechost.dll
0x00007ff83dea0000 - 0x00007ff83dfca000 	C:\Windows\System32\RPCRT4.dll
0x00007ff83f760000 - 0x00007ff83f768000 	C:\Windows\System32\PSAPI.DLL
0x00007ff826d20000 - 0x00007ff826d29000 	C:\Windows\SYSTEM32\WSOCK32.dll
0x00007ff831f60000 - 0x00007ff831f87000 	C:\Windows\SYSTEM32\WINMM.dll
0x00007ff8336d0000 - 0x00007ff8336da000 	C:\Windows\SYSTEM32\VERSION.dll
0x00007ff83e0e0000 - 0x00007ff83e14b000 	C:\Windows\System32\WS2_32.dll
0x00007ff83b770000 - 0x00007ff83b782000 	C:\Windows\SYSTEM32\kernel.appcore.dll
0x00007ff8220d0000 - 0x00007ff8220e1000 	C:\Program Files\Android\Android Studio\jre\bin\verify.dll
0x00007ff83b440000 - 0x00007ff83b624000 	C:\Windows\SYSTEM32\DBGHELP.DLL
0x00007ff8248e0000 - 0x00007ff82490c000 	C:\Windows\SYSTEM32\dbgcore.DLL
0x00007ff83d060000 - 0x00007ff83d0e3000 	C:\Windows\System32\bcryptPrimitives.dll
0x00007ff8220a0000 - 0x00007ff8220c9000 	C:\Program Files\Android\Android Studio\jre\bin\java.dll
0x00007ff837fa0000 - 0x00007ff837fab000 	C:\Program Files\Android\Android Studio\jre\bin\jimage.dll
0x00007ff822080000 - 0x00007ff822098000 	C:\Program Files\Android\Android Studio\jre\bin\zip.dll
0x00007ff83edd0000 - 0x00007ff83f50f000 	C:\Windows\System32\SHELL32.dll
0x00007ff83abe0000 - 0x00007ff83b370000 	C:\Windows\SYSTEM32\windows.storage.dll
0x00007ff83e8a0000 - 0x00007ff83ebf5000 	C:\Windows\System32\combase.dll
0x00007ff83c940000 - 0x00007ff83c96c000 	C:\Windows\SYSTEM32\Wldp.dll
0x00007ff83ecc0000 - 0x00007ff83ed6e000 	C:\Windows\System32\SHCORE.dll
0x00007ff83ec60000 - 0x00007ff83ecb5000 	C:\Windows\System32\shlwapi.dll
0x00007ff83ce20000 - 0x00007ff83ce3f000 	C:\Windows\SYSTEM32\profapi.dll
0x00007ff80de80000 - 0x00007ff80de9a000 	C:\Program Files\Android\Android Studio\jre\bin\net.dll
0x00007ff837420000 - 0x00007ff837528000 	C:\Windows\SYSTEM32\WINHTTP.dll
0x00007ff83c6a0000 - 0x00007ff83c70a000 	C:\Windows\system32\mswsock.dll
0x00007ff8057e0000 - 0x00007ff8057f4000 	C:\Program Files\Android\Android Studio\jre\bin\nio.dll

dbghelp: loaded successfully - version: 4.0.5 - missing functions: none
symbol engine: initialized successfully - sym options: 0x614 - pdb path: .;C:\Program Files\Android\Android Studio\jre\bin;C:\Windows\SYSTEM32;C:\Windows\WinSxS\amd64_microsoft.windows.common-controls_6595b64144ccf1df_6.0.19041.1110_none_60b5254171f9507e;C:\Program Files\Android\Android Studio\jre\bin\server

VM Arguments:
java_command: org.jetbrains.kotlin.cli.jvm.K2JVMCompiler @D:\Projects\Software Dev\Apply\BTPN\contactCrudApptest\node_modules\react-native-screens\android\build\20210906_13375921535169246442.compiler.options
java_class_path (initial): C:\Users\naufalg\.gradle\caches\modules-2\files-2.1\org.jetbrains.kotlin\kotlin-compiler-embeddable\1.5.20\1900e8b9aca0a9caffd45b99b36e3720a0a284f8\kotlin-compiler-embeddable-1.5.20.jar;C:\Users\naufalg\.gradle\caches\modules-2\files-2.1\org.jetbrains.kotlin\kotlin-reflect\1.5.20\63810951f09a27f7827977f1bc21094042a915e\kotlin-reflect-1.5.20.jar;C:\Users\naufalg\.gradle\caches\modules-2\files-2.1\org.jetbrains.kotlin\kotlin-stdlib\1.5.20\9de35cc611bcecec8edce1d56d8e659953806751\kotlin-stdlib-1.5.20.jar;C:\Users\naufalg\.gradle\caches\modules-2\files-2.1\org.jetbrains.kotlin\kotlin-script-runtime\1.5.20\4381bb58d37b84d4d1afe55ec35542dd9b77e101\kotlin-script-runtime-1.5.20.jar;C:\Users\naufalg\.gradle\caches\modules-2\files-2.1\org.jetbrains.kotlin\kotlin-daemon-embeddable\1.5.20\36c38cda019834dcd2959cc33a12768adcd94256\kotlin-daemon-embeddable-1.5.20.jar;C:\Users\naufalg\.gradle\caches\modules-2\files-2.1\org.jetbrains.intellij.deps\trove4j\1.0.20181211\216c2e14b070f334479d800987affe4054cd563f\trove4j-1.0.20181211.jar;C:\Users\naufalg\.gradle\caches\modules-2\files-2.1\org.jetbrains\annotations\13.0\919f0dfe192fb4e063e7dacadee7f8bb9a2672a9\annotations-13.0.jar;C:\Users\naufalg\.gradle\caches\modules-2\files-2.1\org.jetbrains.kotlin\kotlin-stdlib-common\1.5.20\3d79dbd48bf605f4aac1e7028981a1953e245cbb\kotlin-stdlib-common-1.5.20.jar
Launcher Type: SUN_STANDARD

[Global flags]
     intx CICompilerCount                          = 4                                         {product} {ergonomic}
     uint ConcGCThreads                            = 2                                         {product} {ergonomic}
     uint G1ConcRefinementThreads                  = 8                                         {product} {ergonomic}
   size_t G1HeapRegionSize                         = 1048576                                   {product} {ergonomic}
    uintx GCDrainStackTargetSize                   = 64                                        {product} {ergonomic}
   size_t InitialHeapSize                          = 268435456                                 {product} {ergonomic}
   size_t MarkStackSize                            = 4194304                                   {product} {ergonomic}
   size_t MaxHeapSize                              = 4265607168                                {product} {ergonomic}
   size_t MaxNewSize                               = 2558525440                                {product} {ergonomic}
   size_t MinHeapDeltaBytes                        = 1048576                                   {product} {ergonomic}
    uintx NonNMethodCodeHeapSize                   = 5836300                                {pd product} {ergonomic}
    uintx NonProfiledCodeHeapSize                  = 122910970                              {pd product} {ergonomic}
    uintx ProfiledCodeHeapSize                     = 122910970                              {pd product} {ergonomic}
    uintx ReservedCodeCacheSize                    = 251658240                              {pd product} {ergonomic}
     bool SegmentedCodeCache                       = true                                      {product} {ergonomic}
     bool UseCompressedClassPointers               = true                                 {lp64_product} {ergonomic}
     bool UseCompressedOops                        = true                                 {lp64_product} {ergonomic}
     bool UseG1GC                                  = true                                      {product} {ergonomic}
     bool UseLargePagesIndividualAllocation        = false                                  {pd product} {ergonomic}

Logging:
Log output configuration:
 #0: stdout all=warning uptime,level,tags
 #1: stderr all=off uptime,level,tags

Environment Variables:
JAVA_HOME=C:\Program Files\Android\Android Studio\jre
CLASSPATH=D:\Projects\Software Dev\Apply\BTPN\contactCrudApptest\android\\gradle\wrapper\gradle-wrapper.jar
PATH=D:\Projects\Software Dev\Apply\BTPN\contactCrudApptest\android\node_modules\.bin;D:\Projects\Software Dev\Apply\BTPN\contactCrudApptest\node_modules\.bin;D:\Projects\Software Dev\Apply\BTPN\node_modules\.bin;D:\Projects\Software Dev\Apply\node_modules\.bin;D:\Projects\Software Dev\node_modules\.bin;D:\Projects\node_modules\.bin;D:\node_modules\.bin;C:\Program Files\nodejs;C:\Users\naufalg\AppData\Local\Temp\yarn--1630904707861-0.9229153243276045;D:\Projects\Software Dev\Apply\BTPN\contactCrudApptest\node_modules\.bin;C:\Users\naufalg\AppData\Local\Yarn\Data\link\node_modules\.bin;C:\Program Files\libexec\lib\node_modules\npm\bin\node-gyp-bin;C:\Program Files\lib\node_modules\npm\bin\node-gyp-bin;C:\Program Files\nodejs\node_modules\npm\bin\node-gyp-bin;C:\Users\naufalg\bin;C:\Program Files\Git\mingw64\bin;C:\Program Files\Git\usr\local\bin;C:\Program Files\Git\usr\bin;C:\Program Files\Git\usr\bin;C:\Program Files\Git\mingw64\bin;C:\Program Files\Git\usr\bin;C:\Users\naufalg\bin;C:\Program Files\Common Files\Oracle\Java\javapath;C:\Windows\system32;C:\Windows;C:\Windows\System32\Wbem;C:\Windows\System32\WindowsPowerShell\v1.0;C:\Windows\System32\OpenSSH;C:\Program Files\Git\cmd;C:\Program Files (x86)\Yarn\bin;C:\Program Files\NVIDIA Corporation\NVIDIA NvDLISR;C:\Program Files (x86)\NVIDIA Corporation\PhysX\Common;C:\ProgramData\chocolatey\bin;C:\Program Files\nodejs;C:\Program Files\Go\bin;C:\Program Files\OpenJDK\openjdk-8u302-b08\bin;C:\Users\naufalg\AppData\Local\Microsoft\WindowsApps;C:\Users\hp\AppData\Roaming\npm;C:\Users\naufalg\AppData\Local\Programs\Microsoft VS Code\bin;C:\Users\naufalg\AppData\Local\Yarn\bin;C:\Users\naufalg\AppData\Roaming\npm;C:\Users\naufalg\AppData\Android\Sdk\platform-tools;C:\Users\naufalg\go\bin;C:\Program Files\Git\usr\bin\vendor_perl;C:\Program Files\Git\usr\bin\core_perl
USERNAME=hp
SHELL=C:\Program Files\Git\usr\bin\bash.exe
DISPLAY=needs-to-be-defined
LANG=en_US.UTF-8
OS=Windows_NT
PROCESSOR_IDENTIFIER=Intel64 Family 6 Model 158 Stepping 9, GenuineIntel



---------------  S Y S T E M  ---------------

OS: Windows 10 , 64 bit Build 19041 (10.0.19041.1151)
OS uptime: 0 days 10:12 hours

CPU:total 8 (initial active 8) (4 cores per cpu, 2 threads per core) family 6 model 158 stepping 9 microcode 0xde, cmov, cx8, fxsr, mmx, sse, sse2, sse3, ssse3, sse4.1, sse4.2, popcnt, avx, avx2, aes, clmul, erms, 3dnowpref, lzcnt, ht, tsc, tscinvbit, bmi1, bmi2, adx, fma

Memory: 4k page, system-wide physical 16269M (3442M free)
TotalPageFile size 20365M (AvailPageFile size 15M)
current process WorkingSet (physical memory assigned to process): 362M, peak: 366M
current process commit charge ("private bytes"): 494M, peak: 549M

vm_info: OpenJDK 64-Bit Server VM (11.0.10+0-b96-7249189) for windows-amd64 JRE (11.0.10+0-b96-7249189), built on Mar 31 2021 21:44:00 by "builder" with MS VC++ 14.0 (VS2015)

END.
